# JRE version: Java(TM) SE Runtime Environment (8.0_231-b11) (build 1.8.0_231-b11)
# Java VM: Java HotSpot(TM) 64-Bit Server VM (25.231-b11 mixed mode windows-amd64 compressed oops)
Heap:
 PSYoungGen      total 217088K, used 56295K [0x00000000d6000000, 0x00000000e7e00000, 0x0000000100000000)
  eden space 207872K, 27% used [0x00000000d6000000,0x00000000d96f9ee8,0x00000000e2b00000)
  from space 9216K, 0% used [0x00000000e2b00000,0x00000000e2b00000,0x00000000e3400000)
  to   space 10240K, 0% used [0x00000000e7400000,0x00000000e7400000,0x00000000e7e00000)
 ParOldGen       total 82432K, used 17549K [0x0000000082000000, 0x0000000087080000, 0x00000000d6000000)
  object space 82432K, 21% used [0x0000000082000000,0x0000000083123698,0x0000000087080000)
 Metaspace       used 37252K, capacity 39438K, committed 39472K, reserved 1083392K
  class space    used 5049K, capacity 5424K, committed 5424K, reserved 1048576K
GC Heap History (10 events):
Event: 4.296 GC heap before
{Heap before GC invocations=9 (full 0):
 PSYoungGen      total 138752K, used 6881K [0x00000000d6000000, 0x00000000def00000, 0x0000000100000000)
  eden space 131072K, 3% used [0x00000000d6000000,0x00000000d63e6630,0x00000000de000000)
  from space 7680K, 37% used [0x00000000de780000,0x00000000dea520f0,0x00000000def00000)
  to   space 7680K, 0% used [0x00000000de000000,0x00000000de000000,0x00000000de780000)
 ParOldGen       total 86016K, used 7330K [0x0000000082000000, 0x0000000087400000, 0x00000000d6000000)
  object space 86016K, 8% used [0x0000000082000000,0x0000000082728ac0,0x0000000087400000)
 Metaspace       used 20375K, capacity 21218K, committed 21296K, reserved 1067008K
  class space    used 2637K, capacity 2848K, committed 2864K, reserved 1048576K
Event: 4.299 GC heap after
Heap after GC invocations=9 (full 0):
 PSYoungGen      total 138752K, used 1750K [0x00000000d6000000, 0x00000000e3d00000, 0x0000000100000000)
  eden space 131072K, 0% used [0x00000000d6000000,0x00000000d6000000,0x00000000de000000)
  from space 7680K, 22% used [0x00000000de000000,0x00000000de1b58b8,0x00000000de780000)
  to   space 8192K, 0% used [0x00000000e3500000,0x00000000e3500000,0x00000000e3d00000)
 ParOldGen       total 86016K, used 8268K [0x0000000082000000, 0x0000000087400000, 0x00000000d6000000)
  object space 86016K, 9% used [0x0000000082000000,0x0000000082813300,0x0000000087400000)
 Metaspace       used 20375K, capacity 21218K, committed 21296K, reserved 1067008K
  class space    used 2637K, capacity 2848K, committed 2864K, reserved 1048576K
}
Event: 4.299 GC heap before
{Heap before GC invocations=10 (full 1):
 PSYoungGen      total 138752K, used 1750K [0x00000000d6000000, 0x00000000e3d00000, 0x0000000100000000)
  eden space 131072K, 0% used [0x00000000d6000000,0x00000000d6000000,0x00000000de000000)
  from space 7680K, 22% used [0x00000000de000000,0x00000000de1b58b8,0x00000000de780000)
  to   space 8192K, 0% used [0x00000000e3500000,0x00000000e3500000,0x00000000e3d00000)
 ParOldGen       total 86016K, used 8268K [0x0000000082000000, 0x0000000087400000, 0x00000000d6000000)
  object space 86016K, 9% used [0x0000000082000000,0x0000000082813300,0x0000000087400000)
 Metaspace       used 20375K, capacity 21218K, committed 21296K, reserved 1067008K
  class space    used 2637K, capacity 2848K, committed 2864K, reserved 1048576K
Event: 4.325 GC heap after
Heap after GC invocations=10 (full 1):
 PSYoungGen      total 138752K, used 0K [0x00000000d6000000, 0x00000000e3d00000, 0x0000000100000000)
  eden space 131072K, 0% used [0x00000000d6000000,0x00000000d6000000,0x00000000de000000)
  from space 7680K, 0% used [0x00000000de000000,0x00000000de000000,0x00000000de780000)
  to   space 8192K, 0% used [0x00000000e3500000,0x00000000e3500000,0x00000000e3d00000)
 ParOldGen       total 49152K, used 6152K [0x0000000082000000, 0x0000000085000000, 0x00000000d6000000)
  object space 49152K, 12% used [0x0000000082000000,0x0000000082602118,0x0000000085000000)
 Metaspace       used 20374K, capacity 21212K, committed 21296K, reserved 1067008K
  class space    used 2636K, capacity 2847K, committed 2864K, reserved 1048576K
}
Event: 5.747 GC heap before
{Heap before GC invocations=11 (full 1):
 PSYoungGen      total 138752K, used 131072K [0x00000000d6000000, 0x00000000e3d00000, 0x0000000100000000)
  eden space 131072K, 100% used [0x00000000d6000000,0x00000000de000000,0x00000000de000000)
  from space 7680K, 0% used [0x00000000de000000,0x00000000de000000,0x00000000de780000)
  to   space 8192K, 0% used [0x00000000e3500000,0x00000000e3500000,0x00000000e3d00000)
 ParOldGen       total 49152K, used 6152K [0x0000000082000000, 0x0000000085000000, 0x00000000d6000000)
  object space 49152K, 12% used [0x0000000082000000,0x0000000082602118,0x0000000085000000)
 Metaspace       used 26768K, capacity 28300K, committed 28464K, reserved 1073152K
  class space    used 3528K, capacity 3814K, committed 3888K, reserved 1048576K
Event: 5.754 GC heap after
Heap after GC invocations=11 (full 1):
 PSYoungGen      total 198144K, used 8170K [0x00000000d6000000, 0x00000000e3d00000, 0x0000000100000000)
  eden space 189952K, 0% used [0x00000000d6000000,0x00000000d6000000,0x00000000e1980000)
  from space 8192K, 99% used [0x00000000e3500000,0x00000000e3cfab40,0x00000000e3d00000)
  to   space 9216K, 0% used [0x00000000e2b00000,0x00000000e2b00000,0x00000000e3400000)
 ParOldGen       total 49152K, used 6924K [0x0000000082000000, 0x0000000085000000, 0x00000000d6000000)
  object space 49152K, 14% used [0x0000000082000000,0x00000000826c3278,0x0000000085000000)
 Metaspace       used 26768K, capacity 28300K, committed 28464K, reserved 1073152K
  class space    used 3528K, capacity 3814K, committed 3888K, reserved 1048576K
}
Event: 6.856 GC heap before
{Heap before GC invocations=12 (full 1):
 PSYoungGen      total 198144K, used 145552K [0x00000000d6000000, 0x00000000e3d00000, 0x0000000100000000)
  eden space 189952K, 72% used [0x00000000d6000000,0x00000000de6295b0,0x00000000e1980000)
  from space 8192K, 99% used [0x00000000e3500000,0x00000000e3cfab40,0x00000000e3d00000)
  to   space 9216K, 0% used [0x00000000e2b00000,0x00000000e2b00000,0x00000000e3400000)
 ParOldGen       total 49152K, used 6924K [0x0000000082000000, 0x0000000085000000, 0x00000000d6000000)
  object space 49152K, 14% used [0x0000000082000000,0x00000000826c3278,0x0000000085000000)
 Metaspace       used 33429K, capacity 35338K, committed 35496K, reserved 1079296K
  class space    used 4453K, capacity 4805K, committed 4912K, reserved 1048576K
Event: 6.866 GC heap after
Heap after GC invocations=12 (full 1):
 PSYoungGen      total 217088K, used 8695K [0x00000000d6000000, 0x00000000e7e00000, 0x0000000100000000)
  eden space 207872K, 0% used [0x00000000d6000000,0x00000000d6000000,0x00000000e2b00000)
  from space 9216K, 94% used [0x00000000e2b00000,0x00000000e337de68,0x00000000e3400000)
  to   space 10240K, 0% used [0x00000000e7400000,0x00000000e7400000,0x00000000e7e00000)
 ParOldGen       total 49152K, used 10616K [0x0000000082000000, 0x0000000085000000, 0x00000000d6000000)
  object space 49152K, 21% used [0x0000000082000000,0x0000000082a5e090,0x0000000085000000)
 Metaspace       used 33429K, capacity 35338K, committed 35496K, reserved 1079296K
  class space    used 4453K, capacity 4805K, committed 4912K, reserved 1048576K
}
Event: 6.866 GC heap before
{Heap before GC invocations=13 (full 2):
 PSYoungGen      total 217088K, used 8695K [0x00000000d6000000, 0x00000000e7e00000, 0x0000000100000000)
  eden space 207872K, 0% used [0x00000000d6000000,0x00000000d6000000,0x00000000e2b00000)
  from space 9216K, 94% used [0x00000000e2b00000,0x00000000e337de68,0x00000000e3400000)
  to   space 10240K, 0% used [0x00000000e7400000,0x00000000e7400000,0x00000000e7e00000)
 ParOldGen       total 49152K, used 10616K [0x0000000082000000, 0x0000000085000000, 0x00000000d6000000)
  object space 49152K, 21% used [0x0000000082000000,0x0000000082a5e090,0x0000000085000000)
 Metaspace       used 33429K, capacity 35338K, committed 35496K, reserved 1079296K
  class space    used 4453K, capacity 4805K, committed 4912K, reserved 1048576K
Event: 6.946 GC heap after
Heap after GC invocations=13 (full 2):
 PSYoungGen      total 217088K, used 0K [0x00000000d6000000, 0x00000000e7e00000, 0x0000000100000000)
  eden space 207872K, 0% used [0x00000000d6000000,0x00000000d6000000,0x00000000e2b00000)
  from space 9216K, 0% used [0x00000000e2b00000,0x00000000e2b00000,0x00000000e3400000)
  to   space 10240K, 0% used [0x00000000e7400000,0x00000000e7400000,0x00000000e7e00000)
 ParOldGen       total 82432K, used 17549K [0x0000000082000000, 0x0000000087080000, 0x00000000d6000000)
  object space 82432K, 21% used [0x0000000082000000,0x0000000083123698,0x0000000087080000)
 Metaspace       used 33429K, capacity 35338K, committed 35496K, reserved 1079296K
  class space    used 4453K, capacity 4805K, committed 4912K, reserved 1048576K
}

