# JRE version: OpenJDK Runtime Environment (11.0.4+10) (build 11.0.4+10-b520.11)
# Java VM: OpenJDK 64-Bit Server VM (11.0.4+10-b520.11, mixed mode, tiered, compressed oops, g1 gc, windows-amd64)
Heap:
 garbage-first heap   total 187392K, used 20471K [0x0000000082000000, 0x0000000100000000)
  region size 1024K, 7 young (7168K), 7 survivors (7168K)
 Metaspace       used 46954K, capacity 48384K, committed 48464K, reserved 1097728K
  class space    used 5943K, capacity 6531K, committed 6576K, reserved 1048576K
GC Heap History (10 events):
Event: 2.296 GC heap after
{Heap after GC invocations=7 (full 0):
 garbage-first heap   total 129024K, used 10833K [0x0000000082000000, 0x0000000100000000)
  region size 1024K, 5 young (5120K), 5 survivors (5120K)
 Metaspace       used 25890K, capacity 26743K, committed 27056K, reserved 1073152K
  class space    used 3049K, capacity 3384K, committed 3504K, reserved 1048576K
}
Event: 3.014 GC heap before
{Heap before GC invocations=7 (full 0):
 garbage-first heap   total 129024K, used 81489K [0x0000000082000000, 0x0000000100000000)
  region size 1024K, 75 young (76800K), 5 survivors (5120K)
 Metaspace       used 32458K, capacity 33720K, committed 33968K, reserved 1079296K
  class space    used 3962K, capacity 4464K, committed 4528K, reserved 1048576K
}
Event: 3.021 GC heap after
{Heap after GC invocations=8 (full 0):
 garbage-first heap   total 155648K, used 14599K [0x0000000082000000, 0x0000000100000000)
  region size 1024K, 9 young (9216K), 9 survivors (9216K)
 Metaspace       used 32458K, capacity 33720K, committed 33968K, reserved 1079296K
  class space    used 3962K, capacity 4464K, committed 4528K, reserved 1048576K
}
Event: 3.195 GC heap before
{Heap before GC invocations=8 (full 0):
 garbage-first heap   total 155648K, used 97543K [0x0000000082000000, 0x0000000100000000)
  region size 1024K, 91 young (93184K), 9 survivors (9216K)
 Metaspace       used 33558K, capacity 34815K, committed 35120K, reserved 1079296K
  class space    used 4091K, capacity 4573K, committed 4656K, reserved 1048576K
}
Event: 3.201 GC heap after
{Heap after GC invocations=9 (full 0):
 garbage-first heap   total 155648K, used 14924K [0x0000000082000000, 0x0000000100000000)
  region size 1024K, 7 young (7168K), 7 survivors (7168K)
 Metaspace       used 33558K, capacity 34815K, committed 35120K, reserved 1079296K
  class space    used 4091K, capacity 4573K, committed 4656K, reserved 1048576K
}
Event: 3.270 GC heap before
{Heap before GC invocations=9 (full 0):
 garbage-first heap   total 155648K, used 22092K [0x0000000082000000, 0x0000000100000000)
  region size 1024K, 15 young (15360K), 7 survivors (7168K)
 Metaspace       used 34494K, capacity 35785K, committed 35920K, reserved 1081344K
  class space    used 4186K, capacity 4684K, committed 4784K, reserved 1048576K
}
Event: 3.278 GC heap after
{Heap after GC invocations=10 (full 0):
 garbage-first heap   total 155648K, used 15514K [0x0000000082000000, 0x0000000100000000)
  region size 1024K, 7 young (7168K), 7 survivors (7168K)
 Metaspace       used 34494K, capacity 35785K, committed 35920K, reserved 1081344K
  class space    used 4186K, capacity 4684K, committed 4784K, reserved 1048576K
}
Event: 3.823 GC heap before
{Heap before GC invocations=11 (full 0):
 garbage-first heap   total 155648K, used 100506K [0x0000000082000000, 0x0000000100000000)
  region size 1024K, 91 young (93184K), 7 survivors (7168K)
 Metaspace       used 44707K, capacity 46163K, committed 46416K, reserved 1089536K
  class space    used 5651K, capacity 6238K, committed 6320K, reserved 1048576K
}
Event: 3.831 GC heap after
{Heap after GC invocations=12 (full 0):
 garbage-first heap   total 155648K, used 20049K [0x0000000082000000, 0x0000000100000000)
  region size 1024K, 11 young (11264K), 11 survivors (11264K)
 Metaspace       used 44707K, capacity 46163K, committed 46416K, reserved 1089536K
  class space    used 5651K, capacity 6238K, committed 6320K, reserved 1048576K
}
Event: 4.013 GC heap before
{Heap before GC invocations=12 (full 0):
 garbage-first heap   total 155648K, used 37457K [0x0000000082000000, 0x0000000100000000)
  region size 1024K, 29 young (29696K), 11 survivors (11264K)
 Metaspace       used 46954K, capacity 48384K, committed 48464K, reserved 1097728K
  class space    used 5943K, capacity 6531K, committed 6576K, reserved 1048576K
}

