# JRE version: OpenJDK Runtime Environment (11.0.4+10) (build 11.0.4+10-b520.11)
# Java VM: OpenJDK 64-Bit Server VM (11.0.4+10-b520.11, mixed mode, tiered, compressed oops, g1 gc, windows-amd64)
Heap:
 garbage-first heap   total 202752K, used 20134K [0x0000000082000000, 0x0000000100000000)
  region size 1024K, 6 young (6144K), 6 survivors (6144K)
 Metaspace       used 48091K, capacity 49542K, committed 49616K, reserved 1099776K
  class space    used 6069K, capacity 6662K, committed 6704K, reserved 1048576K
GC Heap History (10 events):
Event: 2.073 GC heap after
{Heap after GC invocations=7 (full 0):
 garbage-first heap   total 129024K, used 10400K [0x0000000082000000, 0x0000000100000000)
  region size 1024K, 5 young (5120K), 5 survivors (5120K)
 Metaspace       used 24984K, capacity 25743K, committed 25776K, reserved 1071104K
  class space    used 2899K, capacity 3216K, committed 3248K, reserved 1048576K
}
Event: 2.462 GC heap before
{Heap before GC invocations=7 (full 0):
 garbage-first heap   total 129024K, used 82080K [0x0000000082000000, 0x0000000100000000)
  region size 1024K, 75 young (76800K), 5 survivors (5120K)
 Metaspace       used 26099K, capacity 26982K, committed 27312K, reserved 1073152K
  class space    used 3076K, capacity 3421K, committed 3504K, reserved 1048576K
}
Event: 2.468 GC heap after
{Heap after GC invocations=8 (full 0):
 garbage-first heap   total 168960K, used 10893K [0x0000000082000000, 0x0000000100000000)
  region size 1024K, 5 young (5120K), 5 survivors (5120K)
 Metaspace       used 26099K, capacity 26982K, committed 27312K, reserved 1073152K
  class space    used 3076K, capacity 3421K, committed 3504K, reserved 1048576K
}
Event: 3.171 GC heap before
{Heap before GC invocations=8 (full 0):
 garbage-first heap   total 168960K, used 103053K [0x0000000082000000, 0x0000000100000000)
  region size 1024K, 96 young (98304K), 5 survivors (5120K)
 Metaspace       used 32466K, capacity 33723K, committed 33968K, reserved 1079296K
  class space    used 3962K, capacity 4465K, committed 4528K, reserved 1048576K
}
Event: 3.177 GC heap after
{Heap after GC invocations=9 (full 0):
 garbage-first heap   total 168960K, used 14437K [0x0000000082000000, 0x0000000100000000)
  region size 1024K, 9 young (9216K), 9 survivors (9216K)
 Metaspace       used 32466K, capacity 33723K, committed 33968K, reserved 1079296K
  class space    used 3962K, capacity 4465K, committed 4528K, reserved 1048576K
}
Event: 3.411 GC heap before
{Heap before GC invocations=9 (full 0):
 garbage-first heap   total 168960K, used 80997K [0x0000000082000000, 0x0000000100000000)
  region size 1024K, 76 young (77824K), 9 survivors (9216K)
 Metaspace       used 34498K, capacity 35788K, committed 35920K, reserved 1081344K
  class space    used 4186K, capacity 4685K, committed 4784K, reserved 1048576K
}
Event: 3.420 GC heap after
{Heap after GC invocations=10 (full 0):
 garbage-first heap   total 168960K, used 15616K [0x0000000082000000, 0x0000000100000000)
  region size 1024K, 8 young (8192K), 8 survivors (8192K)
 Metaspace       used 34498K, capacity 35788K, committed 35920K, reserved 1081344K
  class space    used 4186K, capacity 4685K, committed 4784K, reserved 1048576K
}
Event: 4.054 GC heap before
{Heap before GC invocations=11 (full 0):
 garbage-first heap   total 168960K, used 107776K [0x0000000082000000, 0x0000000100000000)
  region size 1024K, 99 young (101376K), 8 survivors (8192K)
 Metaspace       used 45635K, capacity 47114K, committed 47312K, reserved 1089536K
  class space    used 5772K, capacity 6364K, committed 6448K, reserved 1048576K
}
Event: 4.063 GC heap after
{Heap after GC invocations=12 (full 0):
 garbage-first heap   total 168960K, used 20274K [0x0000000082000000, 0x0000000100000000)
  region size 1024K, 12 young (12288K), 12 survivors (12288K)
 Metaspace       used 45635K, capacity 47114K, committed 47312K, reserved 1089536K
  class space    used 5772K, capacity 6364K, committed 6448K, reserved 1048576K
}
Event: 4.233 GC heap before
{Heap before GC invocations=12 (full 0):
 garbage-first heap   total 168960K, used 35634K [0x0000000082000000, 0x0000000100000000)
  region size 1024K, 28 young (28672K), 12 survivors (12288K)
 Metaspace       used 48091K, capacity 49542K, committed 49616K, reserved 1099776K
  class space    used 6069K, capacity 6662K, committed 6704K, reserved 1048576K
}

