# JRE version: OpenJDK Runtime Environment (11.0.4+10) (build 11.0.4+10-b520.11)
# Java VM: OpenJDK 64-Bit Server VM (11.0.4+10-b520.11, mixed mode, tiered, compressed oops, g1 gc, windows-amd64)
Heap:
 garbage-first heap   total 155648K, used 11246K [0x0000000082000000, 0x0000000100000000)
  region size 1024K, 6 young (6144K), 6 survivors (6144K)
 Metaspace       used 26342K, capacity 27209K, committed 27312K, reserved 1073152K
  class space    used 3102K, capacity 3453K, committed 3504K, reserved 1048576K
GC Heap History (9 events):
Event: 0.712 GC heap before
{Heap before GC invocations=0 (full 0):
 garbage-first heap   total 129024K, used 15360K [0x0000000082000000, 0x0000000100000000)
  region size 1024K, 14 young (14336K), 0 survivors (0K)
 Metaspace       used 10996K, capacity 11286K, committed 11520K, reserved 1058816K
  class space    used 1142K, capacity 1233K, committed 1280K, reserved 1048576K
}
Event: 0.718 GC heap after
{Heap after GC invocations=1 (full 0):
 garbage-first heap   total 129024K, used 5560K [0x0000000082000000, 0x0000000100000000)
  region size 1024K, 2 young (2048K), 2 survivors (2048K)
 Metaspace       used 10996K, capacity 11286K, committed 11520K, reserved 1058816K
  class space    used 1142K, capacity 1233K, committed 1280K, reserved 1048576K
}
Event: 1.144 GC heap before
{Heap before GC invocations=1 (full 0):
 garbage-first heap   total 129024K, used 79288K [0x0000000082000000, 0x0000000100000000)
  region size 1024K, 75 young (76800K), 2 survivors (2048K)
 Metaspace       used 17747K, capacity 18290K, committed 18560K, reserved 1064960K
  class space    used 1923K, capacity 2130K, committed 2176K, reserved 1048576K
}
Event: 1.163 GC heap after
{Heap after GC invocations=2 (full 0):
 garbage-first heap   total 129024K, used 8025K [0x0000000082000000, 0x0000000100000000)
  region size 1024K, 5 young (5120K), 5 survivors (5120K)
 Metaspace       used 17747K, capacity 18290K, committed 18560K, reserved 1064960K
  class space    used 1923K, capacity 2130K, committed 2176K, reserved 1048576K
}
Event: 1.273 GC heap before
{Heap before GC invocations=2 (full 0):
 garbage-first heap   total 129024K, used 26457K [0x0000000082000000, 0x0000000100000000)
  region size 1024K, 25 young (25600K), 5 survivors (5120K)
 Metaspace       used 20644K, capacity 21214K, committed 21296K, reserved 1069056K
  class space    used 2330K, capacity 2562K, committed 2608K, reserved 1048576K
}
Event: 1.278 GC heap after
{Heap after GC invocations=3 (full 0):
 garbage-first heap   total 129024K, used 8585K [0x0000000082000000, 0x0000000100000000)
  region size 1024K, 5 young (5120K), 5 survivors (5120K)
 Metaspace       used 20644K, capacity 21214K, committed 21296K, reserved 1069056K
  class space    used 2330K, capacity 2562K, committed 2608K, reserved 1048576K
}
Event: 1.655 GC heap before
{Heap before GC invocations=4 (full 0):
 garbage-first heap   total 129024K, used 79241K [0x0000000082000000, 0x0000000100000000)
  region size 1024K, 75 young (76800K), 5 survivors (5120K)
 Metaspace       used 25221K, capacity 26060K, committed 26160K, reserved 1073152K
  class space    used 2943K, capacity 3291K, committed 3376K, reserved 1048576K
}
Event: 1.661 GC heap after
{Heap after GC invocations=5 (full 0):
 garbage-first heap   total 129024K, used 10503K [0x0000000082000000, 0x0000000100000000)
  region size 1024K, 7 young (7168K), 7 survivors (7168K)
 Metaspace       used 25221K, capacity 26060K, committed 26160K, reserved 1073152K
  class space    used 2943K, capacity 3291K, committed 3376K, reserved 1048576K
}
Event: 2.022 GC heap before
{Heap before GC invocations=5 (full 0):
 garbage-first heap   total 129024K, used 80135K [0x0000000082000000, 0x0000000100000000)
  region size 1024K, 75 young (76800K), 7 survivors (7168K)
 Metaspace       used 26342K, capacity 27209K, committed 27312K, reserved 1073152K
  class space    used 3102K, capacity 3453K, committed 3504K, reserved 1048576K
}

